Flutter crash report.
Please report a bug at https://github.com/flutter/flutter/issues.

## command

flutter build apk --release

## exception

ProcessException: ProcessException: Process exited abnormally with exit code 1:

Welcome to Gradle 8.10!

Here are the highlights of this release:
 - Support for Java 23
 - Faster configuration cache
 - Better configuration cache reports

For more details see https://docs.gradle.org/8.10/release-notes.html



FAILURE: Build failed with an exception.

* What went wrong:
Cannot locate tasks that match 'app:tasks' as project 'app' not found in root project 'android'.

* Try:
> Run gradlew projects to get a list of available projects.
> For more on name expansion, please refer to https://docs.gradle.org/8.10/userguide/command_line_interface.html#sec:name_abbreviation in the Gradle documentation.
> Run with --stacktrace option to get the stack trace.
> Run with --info or --debug option to get more log output.
> Run with --scan to get full insights.
> Get more help at https://help.gradle.org.

BUILD FAILED in 583ms
  Command: E:\Flutter\demo\visit\android\gradlew.bat app:tasks --all --console=auto

```
#0      RunResult.throwException (package:flutter_tools/src/base/process.dart:153:5)
#1      _DefaultProcessUtils.run (package:flutter_tools/src/base/process.dart:379:19)
<asynchronous suspension>
#2      flavorUndefinedHandler.<anonymous closure> (package:flutter_tools/src/android/gradle_errors.dart:232:38)
<asynchronous suspension>
#3      AndroidGradleBuilder._runGradleTask (package:flutter_tools/src/android/gradle.dart:376:40)
<asynchronous suspension>
#4      AndroidGradleBuilder.buildGradleApp (package:flutter_tools/src/android/gradle.dart:572:26)
<asynchronous suspension>
#5      AndroidGradleBuilder.buildApk (package:flutter_tools/src/android/gradle.dart:236:5)
<asynchronous suspension>
#6      BuildApkCommand.runCommand (package:flutter_tools/src/commands/build_apk.dart:132:5)
<asynchronous suspension>
#7      FlutterCommand.run.<anonymous closure> (package:flutter_tools/src/runner/flutter_command.dart:1630:27)
<asynchronous suspension>
#8      AppContext.run.<anonymous closure> (package:flutter_tools/src/base/context.dart:154:19)
<asynchronous suspension>
#9      CommandRunner.runCommand (package:args/command_runner.dart:212:13)
<asynchronous suspension>
#10     FlutterCommandRunner.runCommand.<anonymous closure> (package:flutter_tools/src/runner/flutter_command_runner.dart:496:9)
<asynchronous suspension>
#11     AppContext.run.<anonymous closure> (package:flutter_tools/src/base/context.dart:154:19)
<asynchronous suspension>
#12     FlutterCommandRunner.runCommand (package:flutter_tools/src/runner/flutter_command_runner.dart:431:5)
<asynchronous suspension>
#13     FlutterCommandRunner.run.<anonymous closure> (package:flutter_tools/src/runner/flutter_command_runner.dart:307:33)
<asynchronous suspension>
#14     run.<anonymous closure>.<anonymous closure> (package:flutter_tools/runner.dart:104:11)
<asynchronous suspension>
#15     AppContext.run.<anonymous closure> (package:flutter_tools/src/base/context.dart:154:19)
<asynchronous suspension>
#16     main (package:flutter_tools/executable.dart:103:3)
<asynchronous suspension>
```

## flutter doctor

```
[32m[✓][39m Flutter (Channel stable, 3.44.6, on Microsoft Windows [版本 10.0.19045.3086], locale zh-CN) [124ms]
    [32m•[39m Flutter version 3.44.6 on channel stable at E:\Flutter\flutter
    [32m•[39m Upstream repository https://github.com/flutter/flutter.git
    [32m•[39m Framework revision ee80f08bbf (12 days ago), 2026-07-08 15:02:06 -0700
    [32m•[39m Engine revision 83675ed276
    [32m•[39m Dart version 3.12.2
    [32m•[39m DevTools version 2.57.0
    [32m•[39m Feature flags: enable-web, enable-linux-desktop, enable-macos-desktop, enable-windows-desktop, enable-android, enable-ios, cli-animations, enable-native-assets,
      enable-swift-package-manager, omit-legacy-version-file, enable-lldb-debugging, enable-uiscene-migration

[32m[✓][39m Windows Version (10 专业版 64-bit, 22H2, 2009) [1,956ms]

[32m[✓][39m Android toolchain - develop for Android devices (Android SDK version 36.0.0) [834ms]
    [32m•[39m Android SDK at C:\Users\Administrator\AppData\Local\Android\Sdk
    [32m•[39m Emulator version 36.6.11.0 (build_id 15507667) (CL:N/A)
    [32m•[39m Platform android-36.1, build-tools 36.0.0
    [32m•[39m ANDROID_HOME = C:\Users\Administrator\AppData\Local\Android\Sdk
    [32m•[39m Java binary at: C:\Program Files\Android\Android Studio\jbr\bin\java
      This is the JDK bundled with the latest Android Studio installation on this machine.
      To manually set the JDK path, use: `flutter config --jdk-dir="path/to/jdk"`.
    [32m•[39m Java version OpenJDK Runtime Environment (build 21.0.10+-14961533-b1163.108)
    [32m•[39m All Android licenses accepted.

[32m[✓][39m Chrome - develop for the web [6ms]
    [32m•[39m Chrome at C:\Program Files\Google\Chrome\Application\chrome.exe

[31m[✗][39m Visual Studio - develop Windows apps [5ms]
    [31m✗[39m Visual Studio not installed; this is necessary to develop Windows apps.
      Download at https://visualstudio.microsoft.com/downloads/.
      Please install the "Desktop development with C++" workload, including all of its default components

[32m[✓][39m Connected device (2 available) [79ms]
    [32m•[39m Windows (desktop) • windows • windows-x64    • Microsoft Windows [版本 10.0.19045.3086]
    [32m•[39m Chrome (web)      • chrome  • web-javascript • Google Chrome 150.0.7871.128

[33m[!][39m Network resources [23.4s]
    [31m✗[39m A network error occurred while checking "https://storage.googleapis.com/": 信号灯超时时间已到
    [31m✗[39m A network error occurred while checking "https://maven.google.com/": 信号灯超时时间已到
    [31m✗[39m A network error occurred while checking "https://github.com/": 信号灯超时时间已到

[33m![39m Doctor found issues in 2 categories.
```
